This is pdfTeX, Version 3.1415926-2.5-1.40.14 (MiKTeX 2.9) (preloaded format=pdflatex 2014.6.12)  4 JUL 2014 21:01
entering extended mode
**Tesis.tex
(C:\Users\Raquel\Documents\facultad\SI\memoria\Tesis.tex
LaTeX2e <2011/06/27>
Babel <v3.8m> and hyphenation patterns for english, afrikaans, ancientgreek, ar
abic, armenian, assamese, basque, bengali, bokmal, bulgarian, catalan, coptic, 
croatian, czech, danish, dutch, esperanto, estonian, farsi, finnish, french, ga
lician, german, german-x-2013-05-26, greek, gujarati, hindi, hungarian, iceland
ic, indonesian, interlingua, irish, italian, kannada, kurmanji, latin, latvian,
 lithuanian, malayalam, marathi, mongolian, mongolianlmc, monogreek, ngerman, n
german-x-2013-05-26, nynorsk, oriya, panjabi, pinyin, polish, portuguese, roman
ian, russian, sanskrit, serbian, slovak, slovenian, spanish, swedish, swissgerm
an, tamil, telugu, turkish, turkmen, ukenglish, ukrainian, uppersorbian, usengl
ishmax, welsh, loaded.
("C:\Program Files\MiKTeX 2.9\tex\latex\base\book.cls"
Document Class: book 2007/10/19 v1.4h Standard LaTeX document class
("C:\Program Files\MiKTeX 2.9\tex\latex\base\bk12.clo"
File: bk12.clo 2007/10/19 v1.4h Standard LaTeX file (size option)
)
\c@part=\count79
\c@chapter=\count80
\c@section=\count81
\c@subsection=\count82
\c@subsubsection=\count83
\c@paragraph=\count84
\c@subparagraph=\count85
\c@figure=\count86
\c@table=\count87
\abovecaptionskip=\skip41
\belowcaptionskip=\skip42
\bibindent=\dimen102
)
\@input{config.aux}
(C:\Users\Raquel\Documents\facultad\SI\memoria\config.tex)
(C:\Users\Raquel\Documents\facultad\SI\memoria\TeXiS/TeXiS.sty
Package: TeXiS/TeXiS 

("C:\Program Files\MiKTeX 2.9\tex\latex\tools\verbatim.sty"
Package: verbatim 2003/08/22 v1.5q LaTeX2e package for verbatim enhancements
\every@verbatim=\toks14
\verbatim@line=\toks15
\verbatim@in@stream=\read1
)
\example@out=\write3

\@input{TeXiS/TeXiS_pream.aux}
(C:\Users\Raquel\Documents\facultad\SI\memoria\TeXiS/TeXiS_pream.tex
("C:\Program Files\MiKTeX 2.9\tex\latex\base\shortvrb.sty"
Package: shortvrb 2010/02/04 v2.1e Standard LaTeX documentation package (FMi)
)
("C:\Program Files\MiKTeX 2.9\tex\latex\base\inputenc.sty"
Package: inputenc 2008/03/30 v1.1d Input encoding file
\inpenc@prehook=\toks16
\inpenc@posthook=\toks17

("C:\Program Files\MiKTeX 2.9\tex\latex\base\latin1.def"
File: latin1.def 2008/03/30 v1.1d Input encoding file
))
(C:\Users\Raquel\AppData\Roaming\MiKTeX\2.9\tex\latex\natbib\natbib.sty
Package: natbib 2010/09/13 8.31b (PWD, AO)
\bibhang=\skip43
\bibsep=\skip44
LaTeX Info: Redefining \cite on input line 694.
\c@NAT@ctr=\count88
)
("C:\Program Files\MiKTeX 2.9\tex\generic\babel\babel.sty"
Package: babel 2008/07/08 v3.8m The Babel package

*************************************
* Local config file bblopts.cfg used
*
("C:\Program Files\MiKTeX 2.9\tex\latex\00miktex\bblopts.cfg"
File: bblopts.cfg 2006/07/31 v1.0 MiKTeX 'babel' configuration
)
("C:\Program Files\MiKTeX 2.9\tex\generic\babel\spanish.ldf"
Language: spanish.ldf 2009/01/02 v5.0h Spanish support from the babel system

("C:\Program Files\MiKTeX 2.9\tex\generic\babel\babel.def"
File: babel.def 2008/07/08 v3.8m Babel common definitions
\babel@savecnt=\count89
\U@D=\dimen103
)
\es@datefmt=\count90
\es@quottoks=\toks18
\es@quotdepth=\count91
Package babel Info: Making " an active character on input line 492.
Package babel Info: Making . an active character on input line 585.
Package babel Info: Making < an active character on input line 630.
Package babel Info: Making > an active character on input line 630.
Package babel Info: Making ' an active character on input line 657.
))
(C:\Users\Raquel\AppData\Roaming\MiKTeX\2.9\tex\latex\url\url.sty
\Urlmuskip=\muskip10
Package: url 2013/09/16  ver 3.4  Verb mode for urls, etc.
)
("C:\Program Files\MiKTeX 2.9\tex\generic\oberdiek\ifpdf.sty"
Package: ifpdf 2011/01/30 v2.3 Provides the ifpdf switch (HO)
Package ifpdf Info: pdfTeX in PDF mode is detected.
)
("C:\Program Files\MiKTeX 2.9\tex\latex\hyperref\hyperref.sty"
Package: hyperref 2012/11/06 v6.83m Hypertext links for LaTeX

("C:\Program Files\MiKTeX 2.9\tex\generic\oberdiek\hobsub-hyperref.sty"
Package: hobsub-hyperref 2012/04/25 v1.12 Bundle oberdiek, subset hyperref (HO)


("C:\Program Files\MiKTeX 2.9\tex\generic\oberdiek\hobsub-generic.sty"
Package: hobsub-generic 2012/04/25 v1.12 Bundle oberdiek, subset generic (HO)
Package: hobsub 2012/04/25 v1.12 Construct package bundles (HO)
Package: infwarerr 2010/04/08 v1.3 Providing info/warning/error messages (HO)
Package: ltxcmds 2011/11/09 v1.22 LaTeX kernel commands for general use (HO)
Package: ifluatex 2010/03/01 v1.3 Provides the ifluatex switch (HO)
Package ifluatex Info: LuaTeX not detected.
Package: ifvtex 2010/03/01 v1.5 Detect VTeX and its facilities (HO)
Package ifvtex Info: VTeX not detected.
Package: intcalc 2007/09/27 v1.1 Expandable calculations with integers (HO)
Package hobsub Info: Skipping package `ifpdf' (already loaded).
Package: etexcmds 2011/02/16 v1.5 Avoid name clashes with e-TeX commands (HO)
Package etexcmds Info: Could not find \expanded.
(etexcmds)             That can mean that you are not using pdfTeX 1.50 or
(etexcmds)             that some package has redefined \expanded.
(etexcmds)             In the latter case, load this package earlier.
Package: kvsetkeys 2012/04/25 v1.16 Key value parser (HO)
Package: kvdefinekeys 2011/04/07 v1.3 Define keys (HO)
Package: pdftexcmds 2011/11/29 v0.20 Utility functions of pdfTeX for LuaTeX (HO
)
Package pdftexcmds Info: LuaTeX not detected.
Package pdftexcmds Info: \pdf@primitive is available.
Package pdftexcmds Info: \pdf@ifprimitive is available.
Package pdftexcmds Info: \pdfdraftmode found.
Package: pdfescape 2011/11/25 v1.13 Implements pdfTeX's escape features (HO)
Package: bigintcalc 2012/04/08 v1.3 Expandable calculations on big integers (HO
)
Package: bitset 2011/01/30 v1.1 Handle bit-vector datatype (HO)
Package: uniquecounter 2011/01/30 v1.2 Provide unlimited unique counter (HO)
)
Package hobsub Info: Skipping package `hobsub' (already loaded).
Package: letltxmacro 2010/09/02 v1.4 Let assignment for LaTeX macros (HO)
Package: hopatch 2011/06/24 v1.1 Wrapper for package hooks (HO)
Package: xcolor-patch 2011/01/30 xcolor patch
Package: atveryend 2011/06/30 v1.8 Hooks at the very end of document (HO)
Package atveryend Info: \enddocument detected (standard20110627).
Package: atbegshi 2011/10/05 v1.16 At begin shipout hook (HO)
Package: refcount 2011/10/16 v3.4 Data extraction from label references (HO)
Package: hycolor 2011/01/30 v1.7 Color options for hyperref/bookmark (HO)
)
("C:\Program Files\MiKTeX 2.9\tex\latex\graphics\keyval.sty"
Package: keyval 1999/03/16 v1.13 key=value parser (DPC)
\KV@toks@=\toks19
)
("C:\Program Files\MiKTeX 2.9\tex\generic\ifxetex\ifxetex.sty"
Package: ifxetex 2010/09/12 v0.6 Provides ifxetex conditional
)
("C:\Program Files\MiKTeX 2.9\tex\latex\oberdiek\auxhook.sty"
Package: auxhook 2011/03/04 v1.3 Hooks for auxiliary files (HO)
)
("C:\Program Files\MiKTeX 2.9\tex\latex\oberdiek\kvoptions.sty"
Package: kvoptions 2011/06/30 v3.11 Key value format for package options (HO)
)
\@linkdim=\dimen104
\Hy@linkcounter=\count92
\Hy@pagecounter=\count93

("C:\Program Files\MiKTeX 2.9\tex\latex\hyperref\pd1enc.def"
File: pd1enc.def 2012/11/06 v6.83m Hyperref: PDFDocEncoding definition (HO)
)
\Hy@SavedSpaceFactor=\count94

("C:\Program Files\MiKTeX 2.9\tex\latex\00miktex\hyperref.cfg"
File: hyperref.cfg 2002/06/06 v1.2 hyperref configuration of TeXLive
)

Package hyperref Warning: Invalid value `0'
(hyperref)                for option `pdfborder'.
(hyperref)                Option setting is ignored on input line 4319.

Package hyperref Info: Option `colorlinks' set `true' on input line 4319.
Package hyperref Info: Option `hyperindex' set `true' on input line 4319.
Package hyperref Info: Option `pdfpagelabels' set `true' on input line 4319.
Package hyperref Info: Hyper figures OFF on input line 4443.
Package hyperref Info: Link nesting OFF on input line 4448.
Package hyperref Info: Hyper index ON on input line 4451.
Package hyperref Info: Plain pages OFF on input line 4458.
Package hyperref Info: Backreferencing OFF on input line 4463.
Package hyperref Info: Implicit mode ON; LaTeX internals redefined.
Package hyperref Info: Bookmarks ON on input line 4688.
\c@Hy@tempcnt=\count95
LaTeX Info: Redefining \url on input line 5041.
\XeTeXLinkMargin=\dimen105
\Fld@menulength=\count96
\Field@Width=\dimen106
\Fld@charsize=\dimen107
Package hyperref Info: Hyper figures OFF on input line 6295.
Package hyperref Info: Link nesting OFF on input line 6300.
Package hyperref Info: Hyper index ON on input line 6303.
Package hyperref Info: backreferencing OFF on input line 6310.
Package hyperref Info: Link coloring ON on input line 6313.
Package hyperref Info: Link coloring with OCG OFF on input line 6320.
Package hyperref Info: PDF/A mode OFF on input line 6325.
LaTeX Info: Redefining \ref on input line 6365.
LaTeX Info: Redefining \pageref on input line 6369.
\Hy@abspage=\count97
\c@Item=\count98
\c@Hfootnote=\count99
)

Package hyperref Message: Driver (autodetected): hpdftex.

("C:\Program Files\MiKTeX 2.9\tex\latex\hyperref\hpdftex.def"
File: hpdftex.def 2012/11/06 v6.83m Hyperref driver for pdfTeX
\Fld@listcount=\count100
\c@bookmark@seq@number=\count101

("C:\Program Files\MiKTeX 2.9\tex\latex\oberdiek\rerunfilecheck.sty"
Package: rerunfilecheck 2011/04/15 v1.7 Rerun checks for auxiliary files (HO)
Package uniquecounter Info: New unique counter `rerunfilecheck' on input line 2
82.
)
\Hy@SectionHShift=\skip45
)
Package hyperref Info: Option `colorlinks' set `false' on input line 268.

("C:\Program Files\MiKTeX 2.9\tex\latex\base\makeidx.sty"
Package: makeidx 2000/03/29 v1.0m Standard LaTeX package
)
\@indexfile=\write4

Writing index file Tesis.idx
("C:\Program Files\MiKTeX 2.9\tex\latex\tools\multicol.sty"
Package: multicol 2011/06/27 v1.7a multicolumn formatting (FMi)
\c@tracingmulticols=\count102
\mult@box=\box26
\multicol@leftmargin=\dimen108
\c@unbalance=\count103
\c@collectmore=\count104
\doublecol@number=\count105
\multicoltolerance=\count106
\multicolpretolerance=\count107
\full@width=\dimen109
\page@free=\dimen110
\premulticols=\dimen111
\postmulticols=\dimen112
\multicolsep=\skip46
\multicolbaselineskip=\skip47
\partial@page=\box27
\last@line=\box28
\mult@rightbox=\box29
\mult@grightbox=\box30
\mult@gfirstbox=\box31
\mult@firstbox=\box32
\@tempa=\box33
\@tempa=\box34
\@tempa=\box35
\@tempa=\box36
\@tempa=\box37
\@tempa=\box38
\@tempa=\box39
\@tempa=\box40
\@tempa=\box41
\@tempa=\box42
\@tempa=\box43
\@tempa=\box44
\@tempa=\box45
\@tempa=\box46
\@tempa=\box47
\@tempa=\box48
\@tempa=\box49
\c@columnbadness=\count108
\c@finalcolumnbadness=\count109
\last@try=\dimen113
\multicolovershoot=\dimen114
\multicolundershoot=\dimen115
\mult@nat@firstbox=\box50
\colbreak@box=\box51
\multicol@sort@counter=\count110
)
(C:\Users\Raquel\AppData\Roaming\MiKTeX\2.9\tex\latex\subfig\subfig.sty
Package: subfig 2005/06/28 ver: 1.3 subfig package

(C:\Users\Raquel\AppData\Roaming\MiKTeX\2.9\tex\latex\caption\caption.sty
Package: caption 2013/05/02 v3.3-89 Customizing captions (AR)

(C:\Users\Raquel\AppData\Roaming\MiKTeX\2.9\tex\latex\caption\caption3.sty
Package: caption3 2013/05/02 v1.6-88 caption3 kernel (AR)
Package caption3 Info: TeX engine: e-TeX on input line 57.
\captionmargin=\dimen116
\captionmargin@=\dimen117
\captionwidth=\dimen118
\caption@tempdima=\dimen119
\caption@indent=\dimen120
\caption@parindent=\dimen121
\caption@hangindent=\dimen122
)
\c@ContinuedFloat=\count111
Package caption Info: hyperref package is loaded.
)
\c@KVtest=\count112
\sf@farskip=\skip48
\sf@captopadj=\dimen123
\sf@capskip=\skip49
\sf@nearskip=\skip50
\c@subfigure=\count113
\c@subfigure@save=\count114
\c@lofdepth=\count115
\c@subtable=\count116
\c@subtable@save=\count117
\c@lotdepth=\count118
\sf@top=\skip51
\sf@bottom=\skip52
)
\sf@box=\box52

(C:\Users\Raquel\AppData\Roaming\MiKTeX\2.9\tex\latex\listings\listings.sty
\lst@mode=\count119
\lst@gtempboxa=\box53
\lst@token=\toks20
\lst@length=\count120
\lst@currlwidth=\dimen124
\lst@column=\count121
\lst@pos=\count122
\lst@lostspace=\dimen125
\lst@width=\dimen126
\lst@newlines=\count123
\lst@lineno=\count124
\lst@maxwidth=\dimen127

(C:\Users\Raquel\AppData\Roaming\MiKTeX\2.9\tex\latex\listings\lstmisc.sty
File: lstmisc.sty 2014/03/04 1.5c (Carsten Heinz)
\c@lstnumber=\count125
\lst@skipnumbers=\count126
\lst@framebox=\box54
)
(C:\Users\Raquel\AppData\Roaming\MiKTeX\2.9\tex\latex\listings\listings.cfg
File: listings.cfg 2014/03/04 1.5c listings configuration
))
Package: listings 2014/03/04 1.5c (Carsten Heinz)

("C:\Program Files\MiKTeX 2.9\tex\latex\graphics\color.sty"
Package: color 2005/11/14 v1.0j Standard LaTeX Color (DPC)

("C:\Program Files\MiKTeX 2.9\tex\latex\00miktex\color.cfg"
File: color.cfg 2007/01/18 v1.5 color configuration of teTeX/TeXLive
)
Package color Info: Driver file: pdftex.def on input line 130.

("C:\Program Files\MiKTeX 2.9\tex\latex\pdftex-def\pdftex.def"
File: pdftex.def 2011/05/27 v0.06d Graphics/color for pdfTeX
\Gread@gobject=\count127
))
("C:\Program Files\MiKTeX 2.9\tex\latex\tools\tabularx.sty"
Package: tabularx 1999/01/07 v2.07 `tabularx' package (DPC)

("C:\Program Files\MiKTeX 2.9\tex\latex\tools\array.sty"
Package: array 2008/09/09 v2.4c Tabular extension package (FMi)
\col@sep=\dimen128
\extrarowheight=\dimen129
\NC@list=\toks21
\extratabsurround=\skip53
\backup@length=\skip54
)
\TX@col@width=\dimen130
\TX@old@table=\dimen131
\TX@old@col=\dimen132
\TX@target=\dimen133
\TX@delta=\dimen134
\TX@cols=\count128
\TX@ftn=\toks22
)
("C:\Program Files\MiKTeX 2.9\tex\latex\base\fontenc.sty"
Package: fontenc 2005/09/27 v1.99g Standard LaTeX package

("C:\Program Files\MiKTeX 2.9\tex\latex\base\t1enc.def"
File: t1enc.def 2005/09/27 v1.99g Standard LaTeX file
LaTeX Font Info:    Redeclaring font encoding T1 on input line 43.
))
("C:\Program Files\MiKTeX 2.9\tex\latex\graphics\epsfig.sty"
Package: epsfig 1999/02/16 v1.7a (e)psfig emulation (SPQR)

("C:\Program Files\MiKTeX 2.9\tex\latex\graphics\graphicx.sty"
Package: graphicx 1999/02/16 v1.0f Enhanced LaTeX Graphics (DPC,SPQR)

("C:\Program Files\MiKTeX 2.9\tex\latex\graphics\graphics.sty"
Package: graphics 2009/02/05 v1.0o Standard LaTeX Graphics (DPC,SPQR)

("C:\Program Files\MiKTeX 2.9\tex\latex\graphics\trig.sty"
Package: trig 1999/03/16 v1.09 sin cos tan (DPC)
)
("C:\Program Files\MiKTeX 2.9\tex\latex\00miktex\graphics.cfg"
File: graphics.cfg 2007/01/18 v1.5 graphics configuration of teTeX/TeXLive
)
Package graphics Info: Driver file: pdftex.def on input line 91.
)
\Gin@req@height=\dimen135
\Gin@req@width=\dimen136
)
\epsfxsize=\dimen137
\epsfysize=\dimen138
)
("C:\Program Files\MiKTeX 2.9\tex\latex\tools\calc.sty"
Package: calc 2007/08/22 v4.3 Infix arithmetic (KKT,FJ)
\calc@Acount=\count129
\calc@Bcount=\count130
\calc@Adimen=\dimen139
\calc@Bdimen=\dimen140
\calc@Askip=\skip55
\calc@Bskip=\skip56
LaTeX Info: Redefining \setlength on input line 76.
LaTeX Info: Redefining \addtolength on input line 77.
\calc@Ccount=\count131
\calc@Cskip=\skip57
)
(C:\Users\Raquel\AppData\Roaming\MiKTeX\2.9\tex\latex\titlesec\titlesec.sty
Package: titlesec 2011/12/15 v2.10.0 Sectioning titles
\ttl@box=\box55
\beforetitleunit=\skip58
\aftertitleunit=\skip59
\ttl@plus=\dimen141
\ttl@minus=\dimen142
\ttl@toksa=\toks23
\titlewidth=\dimen143
\titlewidthlast=\dimen144
\titlewidthfirst=\dimen145
))
\@input{TeXiS/TeXiS_cab.aux}
(C:\Users\Raquel\Documents\facultad\SI\memoria\TeXiS/TeXiS_cab.tex
(C:\Users\Raquel\AppData\Roaming\MiKTeX\2.9\tex\latex\fancyhdr\fancyhdr.sty
\fancy@headwidth=\skip60
\f@ncyO@elh=\skip61
\f@ncyO@erh=\skip62
\f@ncyO@olh=\skip63
\f@ncyO@orh=\skip64
\f@ncyO@elf=\skip65
\f@ncyO@erf=\skip66
\f@ncyO@olf=\skip67
\f@ncyO@orf=\skip68
))
\@input{TeXiS/TeXiS_cover.aux}
(C:\Users\Raquel\Documents\facultad\SI\memoria\TeXiS/TeXiS_cover.tex)
\@input{TeXiS/TeXiS_part.aux}
(C:\Users\Raquel\Documents\facultad\SI\memoria\TeXiS/TeXiS_part.tex)
\@input{TeXiS/TeXiS_dedic.aux}
(C:\Users\Raquel\Documents\facultad\SI\memoria\TeXiS/TeXiS_dedic.tex)
\@input{TeXiS/TeXiS_bib.aux}
(C:\Users\Raquel\Documents\facultad\SI\memoria\TeXiS/TeXiS_bib.tex))
\@input{constantes.aux}
(C:\Users\Raquel\Documents\facultad\SI\memoria\constantes.tex)
Copyright Clara Antolin Garcia, Carlos Gabriel Giraldo Garcia y Raquel Peces Mu
noz
(C:\Users\Raquel\Documents\facultad\SI\memoria\Tesis.aux
(C:\Users\Raquel\Documents\facultad\SI\memoria\Cascaras/cover.aux)
(C:\Users\Raquel\Documents\facultad\SI\memoria\Cascaras/autorizacion.aux)
(C:\Users\Raquel\Documents\facultad\SI\memoria\Cascaras/dedicatoria.aux)
(C:\Users\Raquel\Documents\facultad\SI\memoria\Cascaras/agradecimientos.aux)
(C:\Users\Raquel\Documents\facultad\SI\memoria\Cascaras/resumen.aux)
(C:\Users\Raquel\Documents\facultad\SI\memoria\Cascaras/abstract.aux)
(C:\Users\Raquel\Documents\facultad\SI\memoria\TeXiS/TeXiS_toc.aux)
(C:\Users\Raquel\Documents\facultad\SI\memoria\Capitulos/01Capitulo1.aux)
(C:\Users\Raquel\Documents\facultad\SI\memoria\Capitulos/02Capitulo2.aux)
(C:\Users\Raquel\Documents\facultad\SI\memoria\Capitulos/03Capitulo3.aux)
(C:\Users\Raquel\Documents\facultad\SI\memoria\Capitulos/04Capitulo4.aux)
(C:\Users\Raquel\Documents\facultad\SI\memoria\Capitulos/05Capitulo5.aux)
(C:\Users\Raquel\Documents\facultad\SI\memoria\Apendices/01ApendiceA.aux)
(C:\Users\Raquel\Documents\facultad\SI\memoria\Cascaras/bibliografia.aux)
(C:\Users\Raquel\Documents\facultad\SI\memoria\Cascaras/fin.aux))
LaTeX Font Info:    Checking defaults for OML/cmm/m/it on input line 106.
LaTeX Font Info:    ... okay on input line 106.
LaTeX Font Info:    Checking defaults for T1/cmr/m/n on input line 106.
LaTeX Font Info:    ... okay on input line 106.
LaTeX Font Info:    Checking defaults for OT1/cmr/m/n on input line 106.
LaTeX Font Info:    ... okay on input line 106.
LaTeX Font Info:    Checking defaults for OMS/cmsy/m/n on input line 106.
LaTeX Font Info:    ... okay on input line 106.
LaTeX Font Info:    Checking defaults for OMX/cmex/m/n on input line 106.
LaTeX Font Info:    ... okay on input line 106.
LaTeX Font Info:    Checking defaults for U/cmr/m/n on input line 106.
LaTeX Font Info:    ... okay on input line 106.
LaTeX Font Info:    Checking defaults for PD1/pdf/m/n on input line 106.
LaTeX Font Info:    ... okay on input line 106.
\AtBeginShipoutBox=\box56
Package hyperref Info: Link coloring OFF on input line 106.

("C:\Program Files\MiKTeX 2.9\tex\latex\hyperref\nameref.sty"
Package: nameref 2012/10/27 v2.43 Cross-referencing by name of section

("C:\Program Files\MiKTeX 2.9\tex\generic\oberdiek\gettitlestring.sty"
Package: gettitlestring 2010/12/03 v1.4 Cleanup title references (HO)
)
\c@section@level=\count132
)
LaTeX Info: Redefining \ref on input line 106.
LaTeX Info: Redefining \pageref on input line 106.
LaTeX Info: Redefining \nameref on input line 106.

(C:\Users\Raquel\Documents\facultad\SI\memoria\Tesis.out)
(C:\Users\Raquel\Documents\facultad\SI\memoria\Tesis.out)
\@outlinefile=\write5
Package caption Info: Begin \AtBeginDocument code.
Package caption Info: subfig package v1.3 is loaded.
Package caption Info: listings package is loaded.
Package caption Info: End \AtBeginDocument code.
\c@lstlisting=\count133

(C:\Users\Raquel\AppData\Roaming\MiKTeX\2.9\tex\context\base\supp-pdf.mkii
[Loading MPS to PDF converter (version 2006.09.02).]
\scratchcounter=\count134
\scratchdimen=\dimen146
\scratchbox=\box57
\nofMPsegments=\count135
\nofMParguments=\count136
\everyMPshowfont=\toks24
\MPscratchCnt=\count137
\MPscratchDim=\dimen147
\MPnumerator=\count138
\makeMPintoPDFobject=\count139
\everyMPtoPDFconversion=\toks25
) (C:\Users\Raquel\Documents\facultad\SI\memoria\guionado.tex)
(C:\Users\Raquel\Documents\facultad\SI\memoria\Cascaras/cover.tex
\cambioIzquierdo=\skip69
\cambioDerecho=\skip70
\margenPortada=\skip71
\evensidemarginOriginal=\skip72
\oddsidemarginOriginal=\skip73
\longTitulo=\skip74

Overfull \hbox (5.5234pt too wide) in paragraph at lines 165--165
 [] 
 []


Overfull \hbox (5.5234pt too wide) in paragraph at lines 165--165
 [][] 
 []

<Imagenes/Vectorial/escudoUCM.pdf, id=227, 597.23125pt x 844.15375pt>
File: Imagenes/Vectorial/escudoUCM.pdf Graphic file (type pdf)

<use Imagenes/Vectorial/escudoUCM.pdf>
Package pdftex.def Info: Imagenes/Vectorial/escudoUCM.pdf used on input line 16
5.
(pdftex.def)             Requested size: 119.44412pt x 168.82776pt.
 [1



















{C:/Users/Raquel/AppData/Local/MiKTeX/2.9/pdftex/config/pdftex.map} <C:/Users/R
aquel/Documents/facultad/SI/memoria/Imagenes/Vectorial/escudoUCM.pdf>] [2]

! LaTeX Error: There's no line here to end.

See the LaTeX manual or LaTeX Companion for explanation.
Type  H <return>  for immediate help.
 ...                                              
                                                  
l.165 \makeCover
                
Your command was ignored.
Type  I <command> <return>  to replace it with another command,
or  <return>  to continue without it.

[3]
LaTeX Font Info:    Try loading font information for OMS+cmr on input line 165.

 ("C:\Program Files\MiKTeX 2.9\tex\latex\base\omscmr.fd"
File: omscmr.fd 1999/05/25 v2.5h Standard LaTeX font definitions
)
LaTeX Font Info:    Font shape `OMS/cmr/m/n' in size <12> not available
(Font)              Font shape `OMS/cmsy/m/n' tried instead on input line 165.
) [4]
(C:\Users\Raquel\Documents\facultad\SI\memoria\Cascaras/autorizacion.tex
Underfull \hbox (badness 10000) in paragraph at lines 47--50

 []


Underfull \hbox (badness 10000) in paragraph at lines 47--50

 []


Underfull \hbox (badness 10000) in paragraph at lines 51--62

 []


Underfull \hbox (badness 10000) in paragraph at lines 51--62

 []


Underfull \hbox (badness 10000) in paragraph at lines 51--62

 []


Underfull \hbox (badness 10000) in paragraph at lines 51--62

 []


Underfull \hbox (badness 10000) in paragraph at lines 51--62

 []


Underfull \hbox (badness 10000) in paragraph at lines 51--62

 []


Underfull \hbox (badness 10000) in paragraph at lines 51--62

 []


Underfull \hbox (badness 10000) in paragraph at lines 51--62

 []


Underfull \hbox (badness 10000) in paragraph at lines 51--62

 []


Underfull \hbox (badness 10000) in paragraph at lines 51--62

 []

) [5



] (C:\Users\Raquel\Documents\facultad\SI\memoria\Cascaras/dedicatoria.tex
[6



] [7])
(C:\Users\Raquel\Documents\facultad\SI\memoria\Cascaras/agradecimientos.tex)
[8



] (C:\Users\Raquel\Documents\facultad\SI\memoria\Cascaras/resumen.tex)
[9



] (C:\Users\Raquel\Documents\facultad\SI\memoria\Cascaras/abstract.tex)
[10



] (C:\Users\Raquel\Documents\facultad\SI\memoria\TeXiS/TeXiS_toc.tex
(C:\Users\Raquel\Documents\facultad\SI\memoria\Tesis.toc
LaTeX Font Info:    External font `cmex10' loaded for size
(Font)              <12> on input line 8.
LaTeX Font Info:    External font `cmex10' loaded for size
(Font)              <8> on input line 8.
LaTeX Font Info:    External font `cmex10' loaded for size
(Font)              <6> on input line 8.
 [11



])
\tf@toc=\write6
 [12]
(C:\Users\Raquel\Documents\facultad\SI\memoria\Tesis.lof)
\tf@lof=\write7
 [13

]
(C:\Users\Raquel\Documents\facultad\SI\memoria\Tesis.lot)
\tf@lot=\write8
 [14

]
(C:\Users\Raquel\Documents\facultad\SI\memoria\Tesis.lol)
\tf@lol=\write9
 [15

])
(C:\Users\Raquel\Documents\facultad\SI\memoria\Capitulos/01Capitulo1.tex
Cap\'itulo 1.
[1




] [2] [3] [4] [5] [6] [7] [8] [9] [10]
(C:\Users\Raquel\AppData\Roaming\MiKTeX\2.9\tex\latex\listings\lstlang1.sty
File: lstlang1.sty 2014/03/04 1.5c listings language file
)
(C:\Users\Raquel\AppData\Roaming\MiKTeX\2.9\tex\latex\listings\lstlang1.sty
File: lstlang1.sty 2014/03/04 1.5c listings language file
)
(C:\Users\Raquel\AppData\Roaming\MiKTeX\2.9\tex\latex\listings\lstmisc.sty
File: lstmisc.sty 2014/03/04 1.5c (Carsten Heinz)
)
Package hyperref Info: bookmark level for unknown lstlisting defaults to 0 on i
nput line 302.
LaTeX Font Info:    Try loading font information for T1+cmtt on input line 302.


("C:\Program Files\MiKTeX 2.9\tex\latex\base\t1cmtt.fd"
File: t1cmtt.fd 1999/05/25 v2.5h Standard LaTeX font definitions
)
(C:\Users\Raquel\Documents\facultad\SI\memoria\Codigos/codigoEjemplo.cpp
LaTeX Font Info:    Font shape `T1/cmtt/bx/n' in size <10> not available
(Font)              Font shape `T1/cmtt/m/n' tried instead on input line 1.
)
[11]
<Imagenes/Vectorial/esquemaEjecucion.jpg, id=459, 526.21594pt x 223.58531pt>
File: Imagenes/Vectorial/esquemaEjecucion.jpg Graphic file (type jpg)

<use Imagenes/Vectorial/esquemaEjecucion.jpg>
Package pdftex.def Info: Imagenes/Vectorial/esquemaEjecucion.jpg used on input 
line 335.
(pdftex.def)             Requested size: 350.99762pt x 149.14291pt.
) [12 <C:/Users/Raquel/Documents/facultad/SI/memoria/Imagenes/Vectorial/esquema
Ejecucion.jpg>]
(C:\Users\Raquel\Documents\facultad\SI\memoria\Capitulos/02Capitulo2.tex
Cap\'itulo 2.
[13



] <Imagenes/Vectorial/figura1.jpg, id=469, 515.67656pt x 283.81032pt>
File: Imagenes/Vectorial/figura1.jpg Graphic file (type jpg)

<use Imagenes/Vectorial/figura1.jpg>
Package pdftex.def Info: Imagenes/Vectorial/figura1.jpg used on input line 58.
(pdftex.def)             Requested size: 195.0pt x 107.3207pt.
 [14] [15 <C:/Users/Raquel/Documents/facultad/SI/memoria/Imagenes/Vectorial/fig
ura1.jpg>]
Overfull \hbox (15.3469pt too wide) in paragraph at lines 103--103
 |[]\T1/cmr/bx/n/17.28 Instrucciones co-mo no-dos de un fi-che-ro XML| 
 []

<Imagenes/Vectorial/figura2.jpg, id=478, 264.23718pt x 124.21407pt>
File: Imagenes/Vectorial/figura2.jpg Graphic file (type jpg)

<use Imagenes/Vectorial/figura2.jpg>
Package pdftex.def Info: Imagenes/Vectorial/figura2.jpg used on input line 110.

(pdftex.def)             Requested size: 195.0pt x 91.66676pt.
 [16] [17 <C:/Users/Raquel/Documents/facultad/SI/memoria/Imagenes/Vectorial/fig
ura2.jpg>]
<Imagenes/Vectorial/Todo.pdf, id=488, 408.52625pt x 256.96pt>
File: Imagenes/Vectorial/Todo.pdf Graphic file (type pdf)

<use Imagenes/Vectorial/Todo.pdf>
Package pdftex.def Info: Imagenes/Vectorial/Todo.pdf used on input line 135.
(pdftex.def)             Requested size: 195.0pt x 122.65323pt.
File: Imagenes/Vectorial/Todo.pdf Graphic file (type pdf)
 <use Imagenes/Vectorial/Todo.pdf>
Package pdftex.def Info: Imagenes/Vectorial/Todo.pdf used on input line 147.
(pdftex.def)             Requested size: 195.0pt x 122.65323pt.
 [18 <C:/Users/Raquel/Documents/facultad/SI/memoria/Imagenes/Vectorial/Todo.pdf
>]
File: Imagenes/Vectorial/Todo.pdf Graphic file (type pdf)

<use Imagenes/Vectorial/Todo.pdf>
Package pdftex.def Info: Imagenes/Vectorial/Todo.pdf used on input line 152.
(pdftex.def)             Requested size: 195.0pt x 122.65323pt.
File: Imagenes/Vectorial/Todo.pdf Graphic file (type pdf)
 <use Imagenes/Vectorial/Todo.pdf>
Package pdftex.def Info: Imagenes/Vectorial/Todo.pdf used on input line 157.
(pdftex.def)             Requested size: 195.0pt x 122.65323pt.
 [19]
File: Imagenes/Vectorial/Todo.pdf Graphic file (type pdf)

<use Imagenes/Vectorial/Todo.pdf>
Package pdftex.def Info: Imagenes/Vectorial/Todo.pdf used on input line 180.
(pdftex.def)             Requested size: 195.0pt x 122.65323pt.
File: Imagenes/Vectorial/Todo.pdf Graphic file (type pdf)
 <use Imagenes/Vectorial/Todo.pdf>
Package pdftex.def Info: Imagenes/Vectorial/Todo.pdf used on input line 194.
(pdftex.def)             Requested size: 195.0pt x 122.65323pt.
 [20]
File: Imagenes/Vectorial/Todo.pdf Graphic file (type pdf)

<use Imagenes/Vectorial/Todo.pdf>
Package pdftex.def Info: Imagenes/Vectorial/Todo.pdf used on input line 199.
(pdftex.def)             Requested size: 195.0pt x 122.65323pt.
File: Imagenes/Vectorial/Todo.pdf Graphic file (type pdf)
 <use Imagenes/Vectorial/Todo.pdf>
Package pdftex.def Info: Imagenes/Vectorial/Todo.pdf used on input line 204.
(pdftex.def)             Requested size: 195.0pt x 122.65323pt.
) [21]
[22] (C:\Users\Raquel\Documents\facultad\SI\memoria\Capitulos/03Capitulo3.tex
Cap\'itulo 3.
[23



] [24]
Overfull \hbox (57.56006pt too wide) in paragraph at lines 54--55
\T1/cmr/m/n/12 ma-ción ló-gi-ca ba-sa-da en res-tric-cio-nes so-bre do-mi-nios 
fi-ni-tos \T1/cmr/m/it/12 (use_module(library(clpfd)))
 []

(C:\Users\Raquel\AppData\Roaming\MiKTeX\2.9\tex\latex\listings\lstlang1.sty
File: lstlang1.sty 2014/03/04 1.5c listings language file
)
(C:\Users\Raquel\AppData\Roaming\MiKTeX\2.9\tex\latex\listings\lstmisc.sty
File: lstmisc.sty 2014/03/04 1.5c (Carsten Heinz)
)
(C:\Users\Raquel\Documents\facultad\SI\memoria\Codigos/ejemploXMLClang.xml

! LaTeX Error: Undefined color `orange'.

See the LaTeX manual or LaTeX Companion for explanation.
Type  H <return>  for immediate help.
 ...                                              
                                                  
l.1 <function name="
                    llamadaFactorial" type="int" line="79">
You're in trouble here.  Try typing  <return>  to proceed.
If that doesn't work, type  X <return>  to quit.


! LaTeX Error: Undefined color `orange'.

See the LaTeX manual or LaTeX Companion for explanation.
Type  H <return>  for immediate help.
 ...                                              
                                                  
l.1 <function name="llamadaFactorial"
                                      type="int" line="79">
You're in trouble here.  Try typing  <return>  to proceed.
If that doesn't work, type  X <return>  to quit.


! LaTeX Error: Undefined color `orange'.

See the LaTeX manual or LaTeX Companion for explanation.
Type  H <return>  for immediate help.
 ...                                              
                                                  
l.1 <function name="llamadaFactorial"
                                      type="int" line="79">
You're in trouble here.  Try typing  <return>  to proceed.
If that doesn't work, type  X <return>  to quit.


! LaTeX Error: Undefined color `orange'.

See the LaTeX manual or LaTeX Companion for explanation.
Type  H <return>  for immediate help.
 ...                                              
                                                  
l.1 <function name="llamadaFactorial" type="
                                            int" line="79">
You're in trouble here.  Try typing  <return>  to proceed.
If that doesn't work, type  X <return>  to quit.


! LaTeX Error: Undefined color `orange'.

See the LaTeX manual or LaTeX Companion for explanation.
Type  H <return>  for immediate help.
 ...                                              
                                                  
l.1 <function name="llamadaFactorial" type="int"
                                                 line="79">
You're in trouble here.  Try typing  <return>  to proceed.
If that doesn't work, type  X <return>  to quit.


! LaTeX Error: Undefined color `orange'.

See the LaTeX manual or LaTeX Companion for explanation.
Type  H <return>  for immediate help.
 ...                                              
                                                  
l.1 <function name="llamadaFactorial" type="int"
                                                 line="79">
You're in trouble here.  Try typing  <return>  to proceed.
If that doesn't work, type  X <return>  to quit.


! LaTeX Error: Undefined color `orange'.

See the LaTeX manual or LaTeX Companion for explanation.
Type  H <return>  for immediate help.
 ...                                              
                                                  
l.1 ...n name="llamadaFactorial" type="int" line="
                                                  79">
You're in trouble here.  Try typing  <return>  to proceed.
If that doesn't work, type  X <return>  to quit.


! LaTeX Error: Undefined color `orange'.

See the LaTeX manual or LaTeX Companion for explanation.
Type  H <return>  for immediate help.
 ...                                              
                                                  
l.1 ...ame="llamadaFactorial" type="int" line="79"
                                                  >
You're in trouble here.  Try typing  <return>  to proceed.
If that doesn't work, type  X <return>  to quit.


! LaTeX Error: Undefined color `orange'.

See the LaTeX manual or LaTeX Companion for explanation.
Type  H <return>  for immediate help.
 ...                                              
                                                  
l.1 ...ame="llamadaFactorial" type="int" line="79"
                                                  >
You're in trouble here.  Try typing  <return>  to proceed.
If that doesn't work, type  X <return>  to quit.


! LaTeX Error: Undefined color `orange'.

See the LaTeX manual or LaTeX Companion for explanation.
Type  H <return>  for immediate help.
 ...                                              
                                                  
l.3 		<param type="
                   int" name="a"/>
You're in trouble here.  Try typing  <return>  to proceed.
If that doesn't work, type  X <return>  to quit.


! LaTeX Error: Undefined color `orange'.

See the LaTeX manual or LaTeX Companion for explanation.
Type  H <return>  for immediate help.
 ...                                              
                                                  
l.3 		<param type="int"
                        name="a"/>
You're in trouble here.  Try typing  <return>  to proceed.
If that doesn't work, type  X <return>  to quit.


! LaTeX Error: Undefined color `orange'.

See the LaTeX manual or LaTeX Companion for explanation.
Type  H <return>  for immediate help.
 ...                                              
                                                  
l.3 		<param type="int"
                        name="a"/>
You're in trouble here.  Try typing  <return>  to proceed.
If that doesn't work, type  X <return>  to quit.


! LaTeX Error: Undefined color `orange'.

See the LaTeX manual or LaTeX Companion for explanation.
Type  H <return>  for immediate help.
 ...                                              
                                                  
l.3 		<param type="int" name="
                              a"/>
You're in trouble here.  Try typing  <return>  to proceed.
If that doesn't work, type  X <return>  to quit.


! LaTeX Error: Undefined color `orange'.

See the LaTeX manual or LaTeX Companion for explanation.
Type  H <return>  for immediate help.
 ...                                              
                                                  
l.3 		<param type="int" name="a"
                                />
You're in trouble here.  Try typing  <return>  to proceed.
If that doesn't work, type  X <return>  to quit.


! LaTeX Error: Undefined color `orange'.

See the LaTeX manual or LaTeX Companion for explanation.
Type  H <return>  for immediate help.
 ...                                              
                                                  
l.3 		<param type="int" name="a"
                                />
You're in trouble here.  Try typing  <return>  to proceed.
If that doesn't work, type  X <return>  to quit.

[25]

! LaTeX Error: Undefined color `orange'.

See the LaTeX manual or LaTeX Companion for explanation.
Type  H <return>  for immediate help.
 ...                                              
                                                  
l.6 		<return line="
                    80">
You're in trouble here.  Try typing  <return>  to proceed.
If that doesn't work, type  X <return>  to quit.


! LaTeX Error: Undefined color `orange'.

See the LaTeX manual or LaTeX Companion for explanation.
Type  H <return>  for immediate help.
 ...                                              
                                                  
l.6 		<return line="80"
                       >
You're in trouble here.  Try typing  <return>  to proceed.
If that doesn't work, type  X <return>  to quit.


! LaTeX Error: Undefined color `orange'.

See the LaTeX manual or LaTeX Companion for explanation.
Type  H <return>  for immediate help.
 ...                                              
                                                  
l.6 		<return line="80"
                       >
You're in trouble here.  Try typing  <return>  to proceed.
If that doesn't work, type  X <return>  to quit.


! LaTeX Error: Undefined color `orange'.

See the LaTeX manual or LaTeX Companion for explanation.
Type  H <return>  for immediate help.
 ...                                              
                                                  
l.7 			<callFunction name="
                           factorial" type="int">
You're in trouble here.  Try typing  <return>  to proceed.
If that doesn't work, type  X <return>  to quit.


! LaTeX Error: Undefined color `orange'.

See the LaTeX manual or LaTeX Companion for explanation.
Type  H <return>  for immediate help.
 ...                                              
                                                  
l.7 			<callFunction name="factorial"
                                      type="int">
You're in trouble here.  Try typing  <return>  to proceed.
If that doesn't work, type  X <return>  to quit.


! LaTeX Error: Undefined color `orange'.

See the LaTeX manual or LaTeX Companion for explanation.
Type  H <return>  for immediate help.
 ...                                              
                                                  
l.7 			<callFunction name="factorial"
                                      type="int">
You're in trouble here.  Try typing  <return>  to proceed.
If that doesn't work, type  X <return>  to quit.


! LaTeX Error: Undefined color `orange'.

See the LaTeX manual or LaTeX Companion for explanation.
Type  H <return>  for immediate help.
 ...                                              
                                                  
l.7 			<callFunction name="factorial" type="
                                            int">
You're in trouble here.  Try typing  <return>  to proceed.
If that doesn't work, type  X <return>  to quit.


! LaTeX Error: Undefined color `orange'.

See the LaTeX manual or LaTeX Companion for explanation.
Type  H <return>  for immediate help.
 ...                                              
                                                  
l.7 			<callFunction name="factorial" type="int"
                                                >
You're in trouble here.  Try typing  <return>  to proceed.
If that doesn't work, type  X <return>  to quit.


! LaTeX Error: Undefined color `orange'.

See the LaTeX manual or LaTeX Companion for explanation.
Type  H <return>  for immediate help.
 ...                                              
                                                  
l.7 			<callFunction name="factorial" type="int"
                                                >
You're in trouble here.  Try typing  <return>  to proceed.
If that doesn't work, type  X <return>  to quit.


! LaTeX Error: Undefined color `orange'.

See the LaTeX manual or LaTeX Companion for explanation.
Type  H <return>  for immediate help.
 ...                                              
                                                  
l.9 					<variable name="
                         a"/>
You're in trouble here.  Try typing  <return>  to proceed.
If that doesn't work, type  X <return>  to quit.


! LaTeX Error: Undefined color `orange'.

See the LaTeX manual or LaTeX Companion for explanation.
Type  H <return>  for immediate help.
 ...                                              
                                                  
l.9 					<variable name="a"
                           />
You're in trouble here.  Try typing  <return>  to proceed.
If that doesn't work, type  X <return>  to quit.


! LaTeX Error: Undefined color `orange'.

See the LaTeX manual or LaTeX Companion for explanation.
Type  H <return>  for immediate help.
 ...                                              
                                                  
l.9 					<variable name="a"
                           />
You're in trouble here.  Try typing  <return>  to proceed.
If that doesn't work, type  X <return>  to quit.

) (C:\Users\Raquel\Documents\facultad\SI\memoria\Codigos/ejemploXMLProlog.xml

! LaTeX Error: Undefined color `orange'.

See the LaTeX manual or LaTeX Companion for explanation.
Type  H <return>  for immediate help.
 ...                                              
                                                  
l.2 	<variable name="
                     ret" value="-1"/>
You're in trouble here.  Try typing  <return>  to proceed.
If that doesn't work, type  X <return>  to quit.


! LaTeX Error: Undefined color `orange'.

See the LaTeX manual or LaTeX Companion for explanation.
Type  H <return>  for immediate help.
 ...                                              
                                                  
l.2 	<variable name="ret"
                          value="-1"/>
You're in trouble here.  Try typing  <return>  to proceed.
If that doesn't work, type  X <return>  to quit.


! LaTeX Error: Undefined color `orange'.

See the LaTeX manual or LaTeX Companion for explanation.
Type  H <return>  for immediate help.
 ...                                              
                                                  
l.2 	<variable name="ret"
                          value="-1"/>
You're in trouble here.  Try typing  <return>  to proceed.
If that doesn't work, type  X <return>  to quit.


! LaTeX Error: Undefined color `orange'.

See the LaTeX manual or LaTeX Companion for explanation.
Type  H <return>  for immediate help.
 ...                                              
                                                  
l.2 	<variable name="ret" value="
                                 -1"/>
You're in trouble here.  Try typing  <return>  to proceed.
If that doesn't work, type  X <return>  to quit.


! LaTeX Error: Undefined color `orange'.

See the LaTeX manual or LaTeX Companion for explanation.
Type  H <return>  for immediate help.
 ...                                              
                                                  
l.2 	<variable name="ret" value="-1"
                                    />
You're in trouble here.  Try typing  <return>  to proceed.
If that doesn't work, type  X <return>  to quit.


! LaTeX Error: Undefined color `orange'.

See the LaTeX manual or LaTeX Companion for explanation.
Type  H <return>  for immediate help.
 ...                                              
                                                  
l.2 	<variable name="ret" value="-1"
                                    />
You're in trouble here.  Try typing  <return>  to proceed.
If that doesn't work, type  X <return>  to quit.


! LaTeX Error: Undefined color `orange'.

See the LaTeX manual or LaTeX Companion for explanation.
Type  H <return>  for immediate help.
 ...                                              
                                                  
l.3 	<variable name="
                     a" value="-5"/>
You're in trouble here.  Try typing  <return>  to proceed.
If that doesn't work, type  X <return>  to quit.


! LaTeX Error: Undefined color `orange'.

See the LaTeX manual or LaTeX Companion for explanation.
Type  H <return>  for immediate help.
 ...                                              
                                                  
l.3 	<variable name="a"
                        value="-5"/>
You're in trouble here.  Try typing  <return>  to proceed.
If that doesn't work, type  X <return>  to quit.


! LaTeX Error: Undefined color `orange'.

See the LaTeX manual or LaTeX Companion for explanation.
Type  H <return>  for immediate help.
 ...                                              
                                                  
l.3 	<variable name="a"
                        value="-5"/>
You're in trouble here.  Try typing  <return>  to proceed.
If that doesn't work, type  X <return>  to quit.


! LaTeX Error: Undefined color `orange'.

See the LaTeX manual or LaTeX Companion for explanation.
Type  H <return>  for immediate help.
 ...                                              
                                                  
l.3 	<variable name="a" value="
                               -5"/>
You're in trouble here.  Try typing  <return>  to proceed.
If that doesn't work, type  X <return>  to quit.


! LaTeX Error: Undefined color `orange'.

See the LaTeX manual or LaTeX Companion for explanation.
Type  H <return>  for immediate help.
 ...                                              
                                                  
l.3 	<variable name="a" value="-5"
                                  />
You're in trouble here.  Try typing  <return>  to proceed.
If that doesn't work, type  X <return>  to quit.


! LaTeX Error: Undefined color `orange'.

See the LaTeX manual or LaTeX Companion for explanation.
Type  H <return>  for immediate help.
 ...                                              
                                                  
l.3 	<variable name="a" value="-5"
                                  />
You're in trouble here.  Try typing  <return>  to proceed.
If that doesn't work, type  X <return>  to quit.

) [26] (C:\Users\Raquel\Documents\facultad\SI\memoria\Codigos/lecturaXML.xml

! LaTeX Error: Undefined color `orange'.

See the LaTeX manual or LaTeX Companion for explanation.
Type  H <return>  for immediate help.
 ...                                              
                                                  
l.1 <function name="
                    llamadaFactorial" type="int" line="79">
You're in trouble here.  Try typing  <return>  to proceed.
If that doesn't work, type  X <return>  to quit.


! LaTeX Error: Undefined color `orange'.

See the LaTeX manual or LaTeX Companion for explanation.
Type  H <return>  for immediate help.
 ...                                              
                                                  
l.1 <function name="llamadaFactorial"
                                      type="int" line="79">
You're in trouble here.  Try typing  <return>  to proceed.
If that doesn't work, type  X <return>  to quit.


! LaTeX Error: Undefined color `orange'.

See the LaTeX manual or LaTeX Companion for explanation.
Type  H <return>  for immediate help.
 ...                                              
                                                  
l.1 <function name="llamadaFactorial"
                                      type="int" line="79">
You're in trouble here.  Try typing  <return>  to proceed.
If that doesn't work, type  X <return>  to quit.


! LaTeX Error: Undefined color `orange'.

See the LaTeX manual or LaTeX Companion for explanation.
Type  H <return>  for immediate help.
 ...                                              
                                                  
l.1 <function name="llamadaFactorial" type="
                                            int" line="79">
You're in trouble here.  Try typing  <return>  to proceed.
If that doesn't work, type  X <return>  to quit.


! LaTeX Error: Undefined color `orange'.

See the LaTeX manual or LaTeX Companion for explanation.
Type  H <return>  for immediate help.
 ...                                              
                                                  
l.1 <function name="llamadaFactorial" type="int"
                                                 line="79">
You're in trouble here.  Try typing  <return>  to proceed.
If that doesn't work, type  X <return>  to quit.


! LaTeX Error: Undefined color `orange'.

See the LaTeX manual or LaTeX Companion for explanation.
Type  H <return>  for immediate help.
 ...                                              
                                                  
l.1 <function name="llamadaFactorial" type="int"
                                                 line="79">
You're in trouble here.  Try typing  <return>  to proceed.
If that doesn't work, type  X <return>  to quit.


! LaTeX Error: Undefined color `orange'.

See the LaTeX manual or LaTeX Companion for explanation.
Type  H <return>  for immediate help.
 ...                                              
                                                  
l.1 ...n name="llamadaFactorial" type="int" line="
                                                  79">
You're in trouble here.  Try typing  <return>  to proceed.
If that doesn't work, type  X <return>  to quit.


! LaTeX Error: Undefined color `orange'.

See the LaTeX manual or LaTeX Companion for explanation.
Type  H <return>  for immediate help.
 ...                                              
                                                  
l.1 ...ame="llamadaFactorial" type="int" line="79"
                                                  >
You're in trouble here.  Try typing  <return>  to proceed.
If that doesn't work, type  X <return>  to quit.


! LaTeX Error: Undefined color `orange'.

See the LaTeX manual or LaTeX Companion for explanation.
Type  H <return>  for immediate help.
 ...                                              
                                                  
l.1 ...ame="llamadaFactorial" type="int" line="79"
                                                  >
You're in trouble here.  Try typing  <return>  to proceed.
If that doesn't work, type  X <return>  to quit.

)
File: Imagenes/Vectorial/Todo.pdf Graphic file (type pdf)
 <use Imagenes/Vectorial/Todo.pdf>
Package pdftex.def Info: Imagenes/Vectorial/Todo.pdf used on input line 117.
(pdftex.def)             Requested size: 195.0pt x 122.65323pt.


! Package inputenc Error: Keyboard character used is undefined
(inputenc)                in inputencoding `latin1'.

See the inputenc package documentation for explanation.
Type  H <return>  for immediate help.
 ...                                              
                                                  
l.128 ...iento de dicha instrucción, se hace una “
                                                  llamada” recursiva a execu...

You need to provide a definition with \DeclareInputText 
or \DeclareInputMath before using this key.


! Package inputenc Error: Keyboard character used is undefined
(inputenc)                in inputencoding `latin1'.

See the inputenc package documentation for explanation.
Type  H <return>  for immediate help.
 ...                                              
                                                  
l.128 ... dicha instrucción, se hace una “llamada”
                                                   recursiva a execute con e...

You need to provide a definition with \DeclareInputText 
or \DeclareInputMath before using this key.

[27]

! LaTeX Error: Environment itemizer undefined.

See the LaTeX manual or LaTeX Companion for explanation.
Type  H <return>  for immediate help.
 ...                                              
                                                  
l.138 \begin{itemizer}
                      
Your command was ignored.
Type  I <command> <return>  to replace it with another command,
or  <return>  to continue without it.


! LaTeX Error: Lonely \item--perhaps a missing list environment.

See the LaTeX manual or LaTeX Companion for explanation.
Type  H <return>  for immediate help.
 ...                                              
                                                  
l.139 \item T
             able.\\
Try typing  <return>  to proceed.
If that doesn't work, type  X <return>  to quit.


Underfull \hbox (badness 10000) detected at line 139
[][]
 []


! LaTeX Error: Lonely \item--perhaps a missing list environment.

See the LaTeX manual or LaTeX Companion for explanation.
Type  H <return>  for immediate help.
 ...                                              
                                                  
l.141 \item C
             in Cout \\
Try typing  <return>  to proceed.
If that doesn't work, type  X <return>  to quit.


Underfull \hbox (badness 10000) detected at line 141
[][]
 []


! LaTeX Error: Lonely \item--perhaps a missing list environment.

See the LaTeX manual or LaTeX Companion for explanation.
Type  H <return>  for immediate help.
 ...                                              
                                                  
l.143 \item T
             race \\
Try typing  <return>  to proceed.
If that doesn't work, type  X <return>  to quit.


Underfull \hbox (badness 10000) detected at line 143
[][]
 []


! LaTeX Error: \begin{document} ended by \end{itemizer}.

See the LaTeX manual or LaTeX Companion for explanation.
Type  H <return>  for immediate help.
 ...                                              
                                                  
l.145 \end{itemizer}
                    
Your command was ignored.
Type  I <command> <return>  to replace it with another command,
or  <return>  to continue without it.

(C:\Users\Raquel\AppData\Roaming\MiKTeX\2.9\tex\latex\listings\lstlang1.sty
File: lstlang1.sty 2014/03/04 1.5c listings language file
)
(C:\Users\Raquel\AppData\Roaming\MiKTeX\2.9\tex\latex\listings\lstlang2.sty
File: lstlang2.sty 2014/03/04 1.5c listings language file
)
(C:\Users\Raquel\Documents\facultad\SI\memoria\Codigos/codigosProlog.pl

! LaTeX Error: Undefined color `orange'.

See the LaTeX manual or LaTeX Companion for explanation.
Type  H <return>  for immediate help.
 ...                                              
                                                  
l.1 execute(Entrada,[('
                       function'...CuerpoFuncion)|RestoInstrucciones],Salida
You're in trouble here.  Try typing  <return>  to proceed.
If that doesn't work, type  X <return>  to quit.


! LaTeX Error: Undefined color `orange'.

See the LaTeX manual or LaTeX Companion for explanation.
Type  H <return>  for immediate help.
 ...                                              
                                                  
l.1 execute(Entrada,[('function'
                                ...CuerpoFuncion)|RestoInstrucciones],Salida
You're in trouble here.  Try typing  <return>  to proceed.
If that doesn't work, type  X <return>  to quit.


! LaTeX Error: Undefined color `orange'.

See the LaTeX manual or LaTeX Companion for explanation.
Type  H <return>  for immediate help.
 ...                                              
                                                  
l.1 execute(Entrada,[('function'
                                ...CuerpoFuncion)|RestoInstrucciones],Salida
You're in trouble here.  Try typing  <return>  to proceed.
If that doesn't work, type  X <return>  to quit.

) [28] (C:\Users\Raquel\Documents\facultad\SI\memoria\Codigos/codigosProlog.pl

! LaTeX Error: Undefined color `orange'.

See the LaTeX manual or LaTeX Companion for explanation.
Type  H <return>  for immediate help.
 ...                                              
                                                  
l.3 execute(Entrada,[('
                       params'...Parametros)|RestoInstrucciones],Salida
You're in trouble here.  Try typing  <return>  to proceed.
If that doesn't work, type  X <return>  to quit.


! LaTeX Error: Undefined color `orange'.

See the LaTeX manual or LaTeX Companion for explanation.
Type  H <return>  for immediate help.
 ...                                              
                                                  
l.3 execute(Entrada,[('params'
                              ...Parametros)|RestoInstrucciones],Salida
You're in trouble here.  Try typing  <return>  to proceed.
If that doesn't work, type  X <return>  to quit.


! LaTeX Error: Undefined color `orange'.

See the LaTeX manual or LaTeX Companion for explanation.
Type  H <return>  for immediate help.
 ...                                              
                                                  
l.3 execute(Entrada,[('params'
                              ...Parametros)|RestoInstrucciones],Salida
You're in trouble here.  Try typing  <return>  to proceed.
If that doesn't work, type  X <return>  to quit.

) (C:\Users\Raquel\Documents\facultad\SI\memoria\Codigos/codigosProlog.pl

! LaTeX Error: Undefined color `orange'.

See the LaTeX manual or LaTeX Companion for explanation.
Type  H <return>  for immediate help.
 ...                                              
                                                  
l.5 execute(Entrada,[('
                       body'...Body)|RestoInstrucciones],Salida)
You're in trouble here.  Try typing  <return>  to proceed.
If that doesn't work, type  X <return>  to quit.


! LaTeX Error: Undefined color `orange'.

See the LaTeX manual or LaTeX Companion for explanation.
Type  H <return>  for immediate help.
 ...                                              
                                                  
l.5 execute(Entrada,[('body'
                            ...Body)|RestoInstrucciones],Salida)
You're in trouble here.  Try typing  <return>  to proceed.
If that doesn't work, type  X <return>  to quit.


! LaTeX Error: Undefined color `orange'.

See the LaTeX manual or LaTeX Companion for explanation.
Type  H <return>  for immediate help.
 ...                                              
                                                  
l.5 execute(Entrada,[('body'
                            ...Body)|RestoInstrucciones],Salida)
You're in trouble here.  Try typing  <return>  to proceed.
If that doesn't work, type  X <return>  to quit.

)

! Package inputenc Error: Keyboard character used is undefined
(inputenc)                in inputencoding `latin1'.

See the inputenc package documentation for explanation.
Type  H <return>  for immediate help.
 ...                                              
                                                  
l.171 ..., el cuerpo de un bucle o asignacion if …
                                                   Todo aquello que esté lim...

You need to provide a definition with \DeclareInputText 
or \DeclareInputMath before using this key.

(C:\Users\Raquel\Documents\facultad\SI\memoria\Codigos/codigosProlog.pl

! LaTeX Error: Undefined color `orange'.

See the LaTeX manual or LaTeX Companion for explanation.
Type  H <return>  for immediate help.
 ...                                              
                                                  
l.7 execute(Entrada,[('
                       declarations'...Body)|RestoInstrucciones],Salida)
You're in trouble here.  Try typing  <return>  to proceed.
If that doesn't work, type  X <return>  to quit.


! LaTeX Error: Undefined color `orange'.

See the LaTeX manual or LaTeX Companion for explanation.
Type  H <return>  for immediate help.
 ...                                              
                                                  
l.7 execute(Entrada,[('declarations'
                                    ...Body)|RestoInstrucciones],Salida)
You're in trouble here.  Try typing  <return>  to proceed.
If that doesn't work, type  X <return>  to quit.


! LaTeX Error: Undefined color `orange'.

See the LaTeX manual or LaTeX Companion for explanation.
Type  H <return>  for immediate help.
 ...                                              
                                                  
l.7 execute(Entrada,[('declarations'
                                    ...Body)|RestoInstrucciones],Salida)
You're in trouble here.  Try typing  <return>  to proceed.
If that doesn't work, type  X <return>  to quit.

) (C:\Users\Raquel\Documents\facultad\SI\memoria\Codigos/codigosProlog.pl

! LaTeX Error: Undefined color `orange'.

See the LaTeX manual or LaTeX Companion for explanation.
Type  H <return>  for immediate help.
 ...                                              
                                                  
l.9 execute(Entrada,[('
                       declaration'...Nombre...CuerpoDeclaracion)|RestoInstr...

You're in trouble here.  Try typing  <return>  to proceed.
If that doesn't work, type  X <return>  to quit.


! LaTeX Error: Undefined color `orange'.

See the LaTeX manual or LaTeX Companion for explanation.
Type  H <return>  for immediate help.
 ...                                              
                                                  
l.9 execute(Entrada,[('declaration'
                                   ...Nombre...CuerpoDeclaracion)|RestoInstr...

You're in trouble here.  Try typing  <return>  to proceed.
If that doesn't work, type  X <return>  to quit.


! LaTeX Error: Undefined color `orange'.

See the LaTeX manual or LaTeX Companion for explanation.
Type  H <return>  for immediate help.
 ...                                              
                                                  
l.9 execute(Entrada,[('declaration'
                                   ...Nombre...CuerpoDeclaracion)|RestoInstr...

You're in trouble here.  Try typing  <return>  to proceed.
If that doesn't work, type  X <return>  to quit.

) [29] (C:\Users\Raquel\Documents\facultad\SI\memoria\Codigos/codigosProlog.pl

! LaTeX Error: Undefined color `orange'.

See the LaTeX manual or LaTeX Companion for explanation.
Type  H <return>  for immediate help.
 ...                                              
                                                  
l.11 execute(entrada,[('
                        assignment'...Nombre...CuerpoAsignacion)|RestoInstru...

You're in trouble here.  Try typing  <return>  to proceed.
If that doesn't work, type  X <return>  to quit.


! LaTeX Error: Undefined color `orange'.

See the LaTeX manual or LaTeX Companion for explanation.
Type  H <return>  for immediate help.
 ...                                              
                                                  
l.11 execute(entrada,[('assignment'
                                   ...Nombre...CuerpoAsignacion)|RestoInstru...

You're in trouble here.  Try typing  <return>  to proceed.
If that doesn't work, type  X <return>  to quit.


! LaTeX Error: Undefined color `orange'.

See the LaTeX manual or LaTeX Companion for explanation.
Type  H <return>  for immediate help.
 ...                                              
                                                  
l.11 execute(entrada,[('assignment'
                                   ...Nombre...CuerpoAsignacion)|RestoInstru...

You're in trouble here.  Try typing  <return>  to proceed.
If that doesn't work, type  X <return>  to quit.

) (C:\Users\Raquel\Documents\facultad\SI\memoria\Codigos/codigosProlog.pl

! LaTeX Error: Undefined color `orange'.

See the LaTeX manual or LaTeX Companion for explanation.
Type  H <return>  for immediate help.
 ...                                              
                                                  
l.13 execute(Entrada,[('
                        assignmentOperator'...Name...Operator...Cuerpo)|Rest...

You're in trouble here.  Try typing  <return>  to proceed.
If that doesn't work, type  X <return>  to quit.


! LaTeX Error: Undefined color `orange'.

See the LaTeX manual or LaTeX Companion for explanation.
Type  H <return>  for immediate help.
 ...                                              
                                                  
l.13 execute(Entrada,[('assignmentOperator'
                                           ...Name...Operator...Cuerpo)|Rest...

You're in trouble here.  Try typing  <return>  to proceed.
If that doesn't work, type  X <return>  to quit.


! LaTeX Error: Undefined color `orange'.

See the LaTeX manual or LaTeX Companion for explanation.
Type  H <return>  for immediate help.
 ...                                              
                                                  
l.13 execute(Entrada,[('assignmentOperator'
                                           ...Name...Operator...Cuerpo)|Rest...

You're in trouble here.  Try typing  <return>  to proceed.
If that doesn't work, type  X <return>  to quit.

) (C:\Users\Raquel\Documents\facultad\SI\memoria\Codigos/codigosProlog.pl

! LaTeX Error: Undefined color `orange'.

See the LaTeX manual or LaTeX Companion for explanation.
Type  H <return>  for immediate help.
 ...                                              
                                                  
l.15 execute(Entrada,[('
                        unaryOperator'...Operando,Operador)|RestoInstruccion...

You're in trouble here.  Try typing  <return>  to proceed.
If that doesn't work, type  X <return>  to quit.


! LaTeX Error: Undefined color `orange'.

See the LaTeX manual or LaTeX Companion for explanation.
Type  H <return>  for immediate help.
 ...                                              
                                                  
l.15 execute(Entrada,[('unaryOperator'
                                      ...Operando,Operador)|RestoInstruccion...

You're in trouble here.  Try typing  <return>  to proceed.
If that doesn't work, type  X <return>  to quit.


! LaTeX Error: Undefined color `orange'.

See the LaTeX manual or LaTeX Companion for explanation.
Type  H <return>  for immediate help.
 ...                                              
                                                  
l.15 execute(Entrada,[('unaryOperator'
                                      ...Operando,Operador)|RestoInstruccion...

You're in trouble here.  Try typing  <return>  to proceed.
If that doesn't work, type  X <return>  to quit.

)

! Package inputenc Error: Keyboard character used is undefined
(inputenc)                in inputencoding `latin1'.

See the inputenc package documentation for explanation.
Type  H <return>  for immediate help.
 ...                                              
                                                  
l.213 ... que Operando = Operando operadorUnario ‘
                                                  1’.
You need to provide a definition with \DeclareInputText 
or \DeclareInputMath before using this key.


! Package inputenc Error: Keyboard character used is undefined
(inputenc)                in inputencoding `latin1'.

See the inputenc package documentation for explanation.
Type  H <return>  for immediate help.
 ...                                              
                                                  
l.213 ...ue Operando = Operando operadorUnario ‘1’
                                                  .
You need to provide a definition with \DeclareInputText 
or \DeclareInputMath before using this key.

[30] (C:\Users\Raquel\Documents\facultad\SI\memoria\Codigos/codigosProlog.pl

! LaTeX Error: Undefined color `orange'.

See the LaTeX manual or LaTeX Companion for explanation.
Type  H <return>  for immediate help.
 ...                                              
                                                  
l.17 execute(Entrada,[('
                        consoleOut'...Expresion)|RestoInstrucciones],Salida)
You're in trouble here.  Try typing  <return>  to proceed.
If that doesn't work, type  X <return>  to quit.


! LaTeX Error: Undefined color `orange'.

See the LaTeX manual or LaTeX Companion for explanation.
Type  H <return>  for immediate help.
 ...                                              
                                                  
l.17 execute(Entrada,[('consoleOut'
                                   ...Expresion)|RestoInstrucciones],Salida)
You're in trouble here.  Try typing  <return>  to proceed.
If that doesn't work, type  X <return>  to quit.


! LaTeX Error: Undefined color `orange'.

See the LaTeX manual or LaTeX Companion for explanation.
Type  H <return>  for immediate help.
 ...                                              
                                                  
l.17 execute(Entrada,[('consoleOut'
                                   ...Expresion)|RestoInstrucciones],Salida)
You're in trouble here.  Try typing  <return>  to proceed.
If that doesn't work, type  X <return>  to quit.

) (C:\Users\Raquel\Documents\facultad\SI\memoria\Codigos/codigosProlog.pl

! LaTeX Error: Undefined color `orange'.

See the LaTeX manual or LaTeX Companion for explanation.
Type  H <return>  for immediate help.
 ...                                              
                                                  
l.19 execute(Entrada,[('
                        return'...CuerpoReturn])|_],Salida)
You're in trouble here.  Try typing  <return>  to proceed.
If that doesn't work, type  X <return>  to quit.


! LaTeX Error: Undefined color `orange'.

See the LaTeX manual or LaTeX Companion for explanation.
Type  H <return>  for immediate help.
 ...                                              
                                                  
l.19 execute(Entrada,[('return'
                               ...CuerpoReturn])|_],Salida)
You're in trouble here.  Try typing  <return>  to proceed.
If that doesn't work, type  X <return>  to quit.


! LaTeX Error: Undefined color `orange'.

See the LaTeX manual or LaTeX Companion for explanation.
Type  H <return>  for immediate help.
 ...                                              
                                                  
l.19 execute(Entrada,[('return'
                               ...CuerpoReturn])|_],Salida)
You're in trouble here.  Try typing  <return>  to proceed.
If that doesn't work, type  X <return>  to quit.

) (C:\Users\Raquel\Documents\facultad\SI\memoria\Codigos/codigosProlog.pl

! LaTeX Error: Undefined color `orange'.

See the LaTeX manual or LaTeX Companion for explanation.
Type  H <return>  for immediate help.
 ...                                              
                                                  
l.21 execute(Entrada,[('
                        if'...Condicion...Bloque_1...Bloque_2)|RestoInstrucc...

You're in trouble here.  Try typing  <return>  to proceed.
If that doesn't work, type  X <return>  to quit.


! LaTeX Error: Undefined color `orange'.

See the LaTeX manual or LaTeX Companion for explanation.
Type  H <return>  for immediate help.
 ...                                              
                                                  
l.21 execute(Entrada,[('if'
                           ...Condicion...Bloque_1...Bloque_2)|RestoInstrucc...

You're in trouble here.  Try typing  <return>  to proceed.
If that doesn't work, type  X <return>  to quit.


! LaTeX Error: Undefined color `orange'.

See the LaTeX manual or LaTeX Companion for explanation.
Type  H <return>  for immediate help.
 ...                                              
                                                  
l.21 execute(Entrada,[('if'
                           ...Condicion...Bloque_1...Bloque_2)|RestoInstrucc...

You're in trouble here.  Try typing  <return>  to proceed.
If that doesn't work, type  X <return>  to quit.

) (C:\Users\Raquel\Documents\facultad\SI\memoria\Codigos/codigosProlog.pl

! LaTeX Error: Undefined color `orange'.

See the LaTeX manual or LaTeX Companion for explanation.
Type  H <return>  for immediate help.
 ...                                              
                                                  
l.23 execute(Entrada,[('
                        while'...variableDeAvance,[Condicion,Operaciones])|R...

You're in trouble here.  Try typing  <return>  to proceed.
If that doesn't work, type  X <return>  to quit.


! LaTeX Error: Undefined color `orange'.

See the LaTeX manual or LaTeX Companion for explanation.
Type  H <return>  for immediate help.
 ...                                              
                                                  
l.23 execute(Entrada,[('while'
                              ...variableDeAvance,[Condicion,Operaciones])|R...

You're in trouble here.  Try typing  <return>  to proceed.
If that doesn't work, type  X <return>  to quit.


! LaTeX Error: Undefined color `orange'.

See the LaTeX manual or LaTeX Companion for explanation.
Type  H <return>  for immediate help.
 ...                                              
                                                  
l.23 execute(Entrada,[('while'
                              ...variableDeAvance,[Condicion,Operaciones])|R...

You're in trouble here.  Try typing  <return>  to proceed.
If that doesn't work, type  X <return>  to quit.

) [31] (C:\Users\Raquel\Documents\facultad\SI\memoria\Codigos/codigosProlog.pl

! LaTeX Error: Undefined color `orange'.

See the LaTeX manual or LaTeX Companion for explanation.
Type  H <return>  for immediate help.
 ...                                              
                                                  
l.25 execute(Entrada,[('
                        for',variableDeAvance,[Variable,Condition,Avance,Cue...

You're in trouble here.  Try typing  <return>  to proceed.
If that doesn't work, type  X <return>  to quit.


! LaTeX Error: Undefined color `orange'.

See the LaTeX manual or LaTeX Companion for explanation.
Type  H <return>  for immediate help.
 ...                                              
                                                  
l.25 execute(Entrada,[('for'
                            ,variableDeAvance,[Variable,Condition,Avance,Cue...

You're in trouble here.  Try typing  <return>  to proceed.
If that doesn't work, type  X <return>  to quit.


! LaTeX Error: Undefined color `orange'.

See the LaTeX manual or LaTeX Companion for explanation.
Type  H <return>  for immediate help.
 ...                                              
                                                  
l.25 execute(Entrada,[('for'
                            ,variableDeAvance,[Variable,Condition,Avance,Cue...

You're in trouble here.  Try typing  <return>  to proceed.
If that doesn't work, type  X <return>  to quit.

) (C:\Users\Raquel\Documents\facultad\SI\memoria\Codigos/codigosProlog.pl)
[32] (C:\Users\Raquel\Documents\facultad\SI\memoria\Codigos/codigosProlog.pl)
(C:\Users\Raquel\Documents\facultad\SI\memoria\Codigos/codigosProlog.pl)
(C:\Users\Raquel\Documents\facultad\SI\memoria\Codigos/codigosProlog.pl)
(C:\Users\Raquel\Documents\facultad\SI\memoria\Codigos/codigosProlog.pl)
(C:\Users\Raquel\Documents\facultad\SI\memoria\Codigos/codigosProlog.pl)
[33] (C:\Users\Raquel\Documents\facultad\SI\memoria\Codigos/codigosProlog.pl)

! LaTeX Error: Environment itemizer undefined.

See the LaTeX manual or LaTeX Companion for explanation.
Type  H <return>  for immediate help.
 ...                                              
                                                  
l.330 \begin{itemizer}
                      
Your command was ignored.
Type  I <command> <return>  to replace it with another command,
or  <return>  to continue without it.


! LaTeX Error: Lonely \item--perhaps a missing list environment.

See the LaTeX manual or LaTeX Companion for explanation.
Type  H <return>  for immediate help.
 ...                                              
                                                  
l.331 \item n
             otOperator: encargada de negar la expresión.
Try typing  <return>  to proceed.
If that doesn't work, type  X <return>  to quit.


Underfull \hbox (badness 10000) detected at line 331
[][]
 []


! LaTeX Error: Lonely \item--perhaps a missing list environment.

See the LaTeX manual or LaTeX Companion for explanation.
Type  H <return>  for immediate help.
 ...                                              
                                                  
l.335 \item s
             ignOperator: para expresiones positivas y negativas.
Try typing  <return>  to proceed.
If that doesn't work, type  X <return>  to quit.


Underfull \hbox (badness 10000) detected at line 335
[][]
 []


! LaTeX Error: Lonely \item--perhaps a missing list environment.

See the LaTeX manual or LaTeX Companion for explanation.
Type  H <return>  for immediate help.
 ...                                              
                                                  
l.339 \item b
             inaryOperator: resuelve operaciones binarias.
Try typing  <return>  to proceed.
If that doesn't work, type  X <return>  to quit.


Underfull \hbox (badness 10000) detected at line 339
[][]
 []

! Undefined control sequence.
l.340 \beign
            {center}
The control sequence at the end of the top line
of your error message was never \def'ed. If you have
misspelled it (e.g., `\hobx'), type `I' and the correct
spelling (e.g., `I\hbox'). Otherwise just continue,
and I'll forget about whatever was undefined.


! LaTeX Error: \begin{document} ended by \end{center}.

See the LaTeX manual or LaTeX Companion for explanation.
Type  H <return>  for immediate help.
 ...                                              
                                                  
l.342 \end{center}
                  
Your command was ignored.
Type  I <command> <return>  to replace it with another command,
or  <return>  to continue without it.


! LaTeX Error: \begin{document} ended by \end{itemizer}.

See the LaTeX manual or LaTeX Companion for explanation.
Type  H <return>  for immediate help.
 ...                                              
                                                  
l.343 \end{itemizer}
                    
Your command was ignored.
Type  I <command> <return>  to replace it with another command,
or  <return>  to continue without it.

! Extra \endgroup.
<recently read> \endgroup 
                          
l.343 \end{itemizer}
                    
Things are pretty mixed up, but I think the worst is over.

(C:\Users\Raquel\Documents\facultad\SI\memoria\Codigos/codigosProlog.pl)
(C:\Users\Raquel\Documents\facultad\SI\memoria\Codigos/codigosProlog.pl)

! LaTeX Error: Environment itemizer undefined.

See the LaTeX manual or LaTeX Companion for explanation.
Type  H <return>  for immediate help.
 ...                                              
                                                  
l.356 \begin{itemizer}
                      
Your command was ignored.
Type  I <command> <return>  to replace it with another command,
or  <return>  to continue without it.


! LaTeX Error: Lonely \item--perhaps a missing list environment.

See the LaTeX manual or LaTeX Companion for explanation.
Type  H <return>  for immediate help.
 ...                                              
                                                  
l.357 \item v
             ariable o const: son los dos casos de expresiones sencillas ind...

Try typing  <return>  to proceed.
If that doesn't work, type  X <return>  to quit.


Underfull \hbox (badness 10000) detected at line 357
[][]
 []


! LaTeX Error: Lonely \item--perhaps a missing list environment.

See the LaTeX manual or LaTeX Companion for explanation.
Type  H <return>  for immediate help.
 ...                                              
                                                  
l.361 \item c
             onsoleIn: para resolver la llamada a función. Buscaremos la fun...

Try typing  <return>  to proceed.
If that doesn't work, type  X <return>  to quit.


Underfull \hbox (badness 10000) detected at line 361
[][]
 []


! LaTeX Error: \begin{document} ended by \end{itemizer}.

See the LaTeX manual or LaTeX Companion for explanation.
Type  H <return>  for immediate help.
 ...                                              
                                                  
l.365 \end{itemizer}
                    
Your command was ignored.
Type  I <command> <return>  to replace it with another command,
or  <return>  to continue without it.

[34]) [35]
(C:\Users\Raquel\Documents\facultad\SI\memoria\Capitulos/04Capitulo4.tex
Cap\'itulo 4.
[36



]
Overfull \hbox (16.28122pt too wide) in paragraph at lines 51--55
\T1/cmr/m/n/12 plir nues-tro di-se-ño : Li-ne-Num-bers.java [1] (http://javakno
wledge.info/jtextpane-
 []


Overfull \hbox (67.37697pt too wide) in paragraph at lines 51--55
\T1/cmr/m/n/12 line-number/) Mul-ti-Li-ne-Cell-Ren-de-rer.java[2] (http://www.j
ava2s.com/Code/Java/Swing-
 []


Overfull \hbox (52.5765pt too wide) in paragraph at lines 51--55
\T1/cmr/m/n/12 Components/MultiLineCellExample.htm) XML2JTree.java [3] (cse.unl
.edu/ reich/XM-
 []

[37]) [38]
(C:\Users\Raquel\Documents\facultad\SI\memoria\Capitulos/05Capitulo5.tex
Cap\'itulo 5.
[39



] [40]) [41]
(C:\Users\Raquel\Documents\facultad\SI\memoria\Apendices/01ApendiceA.tex
Ap\'{e}ndice A.
[42



]) [43]
(C:\Users\Raquel\Documents\facultad\SI\memoria\Cascaras/bibliografia.tex
(C:\Users\Raquel\Documents\facultad\SI\memoria\Tesis.bbl

Package natbib Warning: Empty `thebibliography' environment on input line 4.

)) [44




] (C:\Users\Raquel\Documents\facultad\SI\memoria\Cascaras/fin.tex
[45


] [46])
Package atveryend Info: Empty hook `BeforeClearDocument' on input line 196.
Package atveryend Info: Empty hook `AfterLastShipout' on input line 196.
 (C:\Users\Raquel\Documents\facultad\SI\memoria\Tesis.aux
(C:\Users\Raquel\Documents\facultad\SI\memoria\Cascaras/cover.aux)
(C:\Users\Raquel\Documents\facultad\SI\memoria\Cascaras/autorizacion.aux)
(C:\Users\Raquel\Documents\facultad\SI\memoria\Cascaras/dedicatoria.aux)
(C:\Users\Raquel\Documents\facultad\SI\memoria\Cascaras/agradecimientos.aux)
(C:\Users\Raquel\Documents\facultad\SI\memoria\Cascaras/resumen.aux)
(C:\Users\Raquel\Documents\facultad\SI\memoria\Cascaras/abstract.aux)
(C:\Users\Raquel\Documents\facultad\SI\memoria\TeXiS/TeXiS_toc.aux)
(C:\Users\Raquel\Documents\facultad\SI\memoria\Capitulos/01Capitulo1.aux)
(C:\Users\Raquel\Documents\facultad\SI\memoria\Capitulos/02Capitulo2.aux)
(C:\Users\Raquel\Documents\facultad\SI\memoria\Capitulos/03Capitulo3.aux)
(C:\Users\Raquel\Documents\facultad\SI\memoria\Capitulos/04Capitulo4.aux)
(C:\Users\Raquel\Documents\facultad\SI\memoria\Capitulos/05Capitulo5.aux)
(C:\Users\Raquel\Documents\facultad\SI\memoria\Apendices/01ApendiceA.aux)
(C:\Users\Raquel\Documents\facultad\SI\memoria\Cascaras/bibliografia.aux)
(C:\Users\Raquel\Documents\facultad\SI\memoria\Cascaras/fin.aux))
Package atveryend Info: Executing hook `AtVeryEndDocument' on input line 196.
Package atveryend Info: Executing hook `AtEndAfterFileList' on input line 196.


Package rerunfilecheck Warning: File `Tesis.out' has changed.
(rerunfilecheck)                Rerun to get outlines right
(rerunfilecheck)                or use package `bookmark'.

Package rerunfilecheck Info: Checksums for `Tesis.out':
(rerunfilecheck)             Before: BF2876ED11C1C6036373DD06C932C151;3767
(rerunfilecheck)             After:  62454D2B08F0073E87A610053F91C582;3767.

LaTeX Warning: Label(s) may have changed. Rerun to get cross-references right.

Package atveryend Info: Empty hook `AtVeryVeryEnd' on input line 196.
 ) 
Here is how much of TeX's memory you used:
 11168 strings out of 493921
 169960 string characters out of 3147279
 305638 words of memory out of 3000000
 13641 multiletter control sequences out of 15000+200000
 19573 words of font info for 42 fonts, out of 3000000 for 9000
 1079 hyphenation exceptions out of 8191
 55i,12n,70p,1014b,1957s stack positions out of 5000i,500n,10000p,200000b,50000s
pdfTeX warning (dest): name{figure.caption.24} has been referenced but does n
ot exist, replaced by a fixed one

pdfTeX warning (dest): name{figure.caption.23} has been referenced but does not
 exist, replaced by a fixed one

pdfTeX warning (dest): name{appendix*.25} has been referenced but does not exis
t, replaced by a fixed one

 <C:\Users\Raquel\AppData\Local\MiKTeX\2.9\fonts\pk\ljfour\jknappen\ec\dpi600\e
ctt1200.pk> <C:\Users\Raquel\AppData\Local\MiKTeX\2.9\fonts\pk\ljfour\jknappen\
ec\dpi600\ecti1095.pk> <C:\Users\Raquel\AppData\Local\MiKTeX\2.9\fonts\pk\ljfou
r\jknappen\ec\dpi600\ecrm0800.pk> <C:\Users\Raquel\AppData\Local\MiKTeX\2.9\fon
ts\pk\ljfour\jknappen\ec\dpi600\ectt1000.pk> <C:\Users\Raquel\AppData\Local\MiK
TeX\2.9\fonts\pk\ljfour\jknappen\ec\dpi600\ecrm1000.pk> <C:\Users\Raquel\AppDat
a\Local\MiKTeX\2.9\fonts\pk\ljfour\jknappen\ec\dpi600\ecxc1200.pk> <C:\Users\Ra
quel\AppData\Local\MiKTeX\2.9\fonts\pk\ljfour\jknappen\ec\dpi600\ecbx1200.pk> <
C:\Users\Raquel\AppData\Local\MiKTeX\2.9\fonts\pk\ljfour\jknappen\ec\dpi600\ect
i1200.pk> <C:\Users\Raquel\AppData\Local\MiKTeX\2.9\fonts\pk\ljfour\jknappen\ec
\dpi600\eccc1200.pk> <C:\Users\Raquel\AppData\Local\MiKTeX\2.9\fonts\pk\ljfour\
jknappen\ec\dpi600\ecrm1200.pk> <C:\Users\Raquel\AppData\Local\MiKTeX\2.9\fonts
\pk\ljfour\jknappen\ec\dpi600\ecrm1440.pk> <C:\Users\Raquel\AppData\Local\MiKTe
X\2.9\fonts\pk\ljfour\jknappen\ec\dpi600\ecti1440.pk> <C:\Users\Raquel\AppData\
Local\MiKTeX\2.9\fonts\pk\ljfour\jknappen\ec\dpi600\ecrm2488.pk> <C:\Users\Raqu
el\AppData\Local\MiKTeX\2.9\fonts\pk\ljfour\jknappen\ec\dpi600\eccc1095.pk> <C:
\Users\Raquel\AppData\Local\MiKTeX\2.9\fonts\pk\ljfour\jknappen\ec\dpi600\ecrm1
095.pk> <C:\Users\Raquel\AppData\Local\MiKTeX\2.9\fonts\pk\ljfour\jknappen\ec\d
pi600\ecbx1440.pk> <C:\Users\Raquel\AppData\Local\MiKTeX\2.9\fonts\pk\ljfour\jk
nappen\ec\dpi600\ecbx1728.pk> <C:\Users\Raquel\AppData\Local\MiKTeX\2.9\fonts\p
k\ljfour\jknappen\ec\dpi600\ecbx2488.pk><C:/Program Files/MiKTeX 2.9/fonts/type
1/public/amsfonts/cm/cmsy10.pfb>
Output written on Tesis.pdf (61 pages, 882295 bytes).
PDF statistics:
 1430 PDF objects out of 1440 (max. 8388607)
 231 named destinations out of 1000 (max. 500000)
 474 words of extra memory for PDF output out of 10000 (max. 10000000)

