\BOOKMARK [0][-]{titulo.0}{P\341gina de T\355tulo}{}% 1
\BOOKMARK [0][-]{chapter*.1}{Autorizaci\363n}{}% 2
\BOOKMARK [0][-]{chapter*.2}{}{}% 3
\BOOKMARK [0][-]{dedicatoria.0}{Dedicatoria}{}% 4
\BOOKMARK [0][-]{chapter*.3}{Agradecimientos}{}% 5
\BOOKMARK [0][-]{chapter*.4}{Resumen}{}% 6
\BOOKMARK [0][-]{chapter*.5}{Abstract}{}% 7
\BOOKMARK [0][-]{indices.0}{\315ndices}{}% 8
\BOOKMARK [1][-]{tabla de contenidos.1}{Tabla de contenidos}{indices.0}% 9
\BOOKMARK [1][-]{indice de figuras.1}{\315ndice de figuras}{indices.0}% 10
\BOOKMARK [1][-]{indice de tablas.1}{\315ndice de tablas}{indices.0}% 11
\BOOKMARK [1][-]{indice de listados de codigo.1}{\315ndice de listados de c\363digo}{indices.0}% 12
\BOOKMARK [0][-]{chapter.1}{Introducci\363n}{}% 13
\BOOKMARK [1][-]{section.1.1}{Motivaci\363n de la propuesta}{chapter.1}% 14
\BOOKMARK [1][-]{section.1.2}{Estado del arte y trabajos relacionados}{chapter.1}% 15
\BOOKMARK [2][-]{subsection.1.2.1}{C++ y Clang}{section.1.2}% 16
\BOOKMARK [2][-]{subsection.1.2.2}{Verificaci\363n y An\341lisis}{section.1.2}% 17
\BOOKMARK [2][-]{subsection.1.2.3}{Testing}{section.1.2}% 18
\BOOKMARK [2][-]{subsection.1.2.4}{Programaci\363n con restricciones}{section.1.2}% 19
\BOOKMARK [2][-]{subsection.1.2.5}{Trabajos relacionados}{section.1.2}% 20
\BOOKMARK [1][-]{section.1.3}{Objetivos}{chapter.1}% 21
\BOOKMARK [1][-]{section.1.4}{SymC++, una breve introducci\363n}{chapter.1}% 22
\BOOKMARK [0][-]{chapter.2}{Herramienta de Clang}{}% 23
\BOOKMARK [1][-]{section.2.1}{Introducci\363n}{chapter.2}% 24
\BOOKMARK [1][-]{section.2.2}{AST2XMLtool}{chapter.2}% 25
\BOOKMARK [1][-]{section.2.3}{Historia de LLVM}{chapter.2}% 26
\BOOKMARK [1][-]{section.2.4}{\277C\363mo funciona Clang?}{chapter.2}% 27
\BOOKMARK [1][-]{section.2.5}{Usando el \341rbol de sintaxis abstracta}{chapter.2}% 28
\BOOKMARK [1][-]{section.2.6}{Manipulaci\363n de un AST con clang}{chapter.2}% 29
\BOOKMARK [2][-]{subsection.2.6.1}{LibTooling}{section.2.6}% 30
\BOOKMARK [1][-]{section.2.7}{Estructura del AST}{chapter.2}% 31
\BOOKMARK [1][-]{section.2.8}{Recorriendo el AST}{chapter.2}% 32
\BOOKMARK [1][-]{section.2.9}{Instrucciones como nodos de un fichero XML}{chapter.2}% 33
\BOOKMARK [1][-]{section.2.10}{Bloques de instrucciones}{chapter.2}% 34
\BOOKMARK [0][-]{chapter.3}{Int\351rprete con restricciones}{}% 35
\BOOKMARK [1][-]{section.3.1}{Introducci\363n}{chapter.3}% 36
\BOOKMARK [1][-]{section.3.2}{Implementacion}{chapter.3}% 37
\BOOKMARK [1][-]{section.3.3}{Prolog}{chapter.3}% 38
\BOOKMARK [1][-]{section.3.4}{Conceptos de Prolog}{chapter.3}% 39
\BOOKMARK [1][-]{section.3.5}{Aspectos relevantes de la implementaci\363n}{chapter.3}% 40
\BOOKMARK [1][-]{section.3.6}{Dise\361o del int\351rprete}{chapter.3}% 41
\BOOKMARK [1][-]{section.3.7}{Ciclo de ejecuci\363n del int\351rprete}{chapter.3}% 42
\BOOKMARK [0][-]{chapter.4}{Herramienta SymC++}{}% 43
\BOOKMARK [1][-]{section.4.1}{Introducci\363n}{chapter.4}% 44
\BOOKMARK [1][-]{section.4.2}{Dise\361o}{chapter.4}% 45
\BOOKMARK [1][-]{section.4.3}{Funcionalidades}{chapter.4}% 46
\BOOKMARK [1][-]{section.4.4}{Conexi\363n con el resto de secciones}{chapter.4}% 47
\BOOKMARK [1][-]{section.4.5}{Directorio de archivos}{chapter.4}% 48
\BOOKMARK [0][-]{chapter.5}{Conclusiones y trabajo futuro}{}% 49
\BOOKMARK [1][-]{section.5.1}{Conclusiones}{chapter.5}% 50
\BOOKMARK [1][-]{section.5.2}{Ampliaciones potenciales y trabajo futuro}{chapter.5}% 51
\BOOKMARK [0][-]{appendix.Alph1}{Manual de usuario}{}% 52
\BOOKMARK [1][-]{section.Alph1.1}{Requisitos previos}{appendix.Alph1}% 53
\BOOKMARK [1][-]{section.Alph1.2}{Instalaci\363n Clang}{appendix.Alph1}% 54
\BOOKMARK [0][-]{appendix*.23}{Bibliograf\355a}{}% 55
\BOOKMARK [0][-]{fin.0}{Fin}{}% 56
